<?xml version="1.0" encoding="UTF-8" ?>
<testsuite failures="0" time="0.013" errors="0" skipped="0" tests="1" name="fr.istic.master1.sir.tpmaven.AppTest">
  <properties>
    <property name="java.runtime.name" value="Java(TM) SE Runtime Environment"/>
    <property name="sun.boot.library.path" value="C:\Program Files\Java\jdk1.7.0_21\jre\bin"/>
    <property name="java.vm.version" value="23.21-b01"/>
    <property name="java.vm.vendor" value="Oracle Corporation"/>
    <property name="java.vendor.url" value="http://java.oracle.com/"/>
    <property name="path.separator" value=";"/>
    <property name="guice.disable.misplaced.annotation.check" value="true"/>
    <property name="java.vm.name" value="Java HotSpot(TM) Client VM"/>
    <property name="file.encoding.pkg" value="sun.io"/>
    <property name="user.script" value=""/>
    <property name="user.country" value="FR"/>
    <property name="sun.java.launcher" value="SUN_STANDARD"/>
    <property name="sun.os.patch.level" value="Service Pack 1"/>
    <property name="java.vm.specification.name" value="Java Virtual Machine Specification"/>
    <property name="user.dir" value="h:\windows\git\tpmavenrepo\tpmaven"/>
    <property name="java.runtime.version" value="1.7.0_21-b11"/>
    <property name="java.awt.graphicsenv" value="sun.awt.Win32GraphicsEnvironment"/>
    <property name="java.endorsed.dirs" value="C:\Program Files\Java\jdk1.7.0_21\jre\lib\endorsed"/>
    <property name="os.arch" value="x86"/>
    <property name="java.io.tmpdir" value="C:\Users\13007788\AppData\Local\Temp\"/>
    <property name="line.separator" value="
"/>
    <property name="java.vm.specification.vendor" value="Oracle Corporation"/>
    <property name="user.variant" value=""/>
    <property name="os.name" value="Windows 7"/>
    <property name="net.sourceforge.cobertura.datafile" value="h:\windows\git\tpmavenrepo\tpmaven\target\cobertura\cobertura.ser"/>
    <property name="classworlds.conf" value="H:\windows\Documents\SYRTP\.metadata\.plugins\org.eclipse.m2e.launching\launches\m2conf4756469743159564854.tmp"/>
    <property name="sun.jnu.encoding" value="Cp1252"/>
    <property name="java.library.path" value="C:\Program Files\Java\jdk1.7.0_21\bin;C:\Windows\Sun\Java\bin;C:\Windows\system32;C:\Windows;C:/Program Files/Git/bin;C:/Program Files/Java/jdk1.7.0_21/bin/client;C:/Program Files/Java/jre7/bin;C:/Program Files/Java/jre7/lib/i386;C:\altera\90\quartus\bin\cygwin\bin;C:\PVSW\Bin;C:\oraclexe\app\oracle\product\10.2.0\server\bin;C:\Program Files\CollabNet Subversion Client;C:\Python26\Lib\site-packages\PyQt4;C:\Program Files\Business Objects\common\3.5\bin\NOTES\;C:\Program Files\Business Objects\common\3.5\bin\NOTES\DATA\;C:\Perl\site\bin;C:\Perl\bin;C:\Windows\system32;C:\Windows;C:\Windows\System32\Wbem;C:\Windows\System32\WindowsPowerShell\v1.0\;C:\Program Files\Intel\DMIX;c:\Program Files\Microsoft SQL Server\100\Tools\Binn\;c:\Program Files\Microsoft SQL Server\100\DTS\Binn\;C:\CamlLight\bin;C:\Program Files\doxygen\bin;C:\Program Files\Java\jdk1.6.0_22\bin;C:\Program Files\QuickTime\QTSystem\;C:\Program Files\Subversion\bin;C:\Program Files\Objective Caml\bin;C:\cygwin\bin;C:\Program Files\Microsoft SQL Server\90\Tools\binn\;C:\Program Files\emacs-23.2\bin;C:\Program Files\emacs-23.2\site-lisp\jde-2.3.3;c:\Program Files\Microsoft ASP.NET\ASP.NET Web Pages\v1.0\;C:\altera\11.0\quartus\bin;C:\Program Files\Graphviz 2.28\bin;C:\altera\90\modelsim_ae\win32aloem;c:\altera\11.0\modelsim_ae\win32aloem;C:\Program Files\CodeBlocks\MinGW\bin;c:\altera\90\quartus\bin;c:\Program Files\MATLAB\R2013a\bin;C:\Program Files\TortoiseGit\bin;C:\Program Files\TortoiseSVN\bin;C:\Program Files\Miktex 2.9\miktex\bin;C:\Program Files\php-5.4.20;E:\eclipseJava\eclipse;;."/>
    <property name="java.specification.name" value="Java Platform API Specification"/>
    <property name="java.class.version" value="51.0"/>
    <property name="sun.management.compiler" value="HotSpot Client Compiler"/>
    <property name="os.version" value="6.1"/>
    <property name="user.home" value="h:\windows"/>
    <property name="user.timezone" value="Europe/Paris"/>
    <property name="java.awt.printerjob" value="sun.awt.windows.WPrinterJob"/>
    <property name="java.specification.version" value="1.7"/>
    <property name="file.encoding" value="Cp1252"/>
    <property name="user.name" value="13007788"/>
    <property name="java.class.path" value="/E:/eclipseJava/eclipse/configuration/org.eclipse.osgi/bundles/231/1/.cp/jars/plexus-classworlds-2.4.jar"/>
    <property name="java.vm.specification.version" value="1.7"/>
    <property name="sun.arch.data.model" value="32"/>
    <property name="java.home" value="C:\Program Files\Java\jdk1.7.0_21\jre"/>
    <property name="sun.java.command" value="org.codehaus.plexus.classworlds.launcher.Launcher -B -s h:\windows\.m2\settings.xml site"/>
    <property name="java.specification.vendor" value="Oracle Corporation"/>
    <property name="user.language" value="fr"/>
    <property name="awt.toolkit" value="sun.awt.windows.WToolkit"/>
    <property name="java.vm.info" value="mixed mode, sharing"/>
    <property name="java.version" value="1.7.0_21"/>
    <property name="java.ext.dirs" value="C:\Program Files\Java\jdk1.7.0_21\jre\lib\ext;C:\Windows\Sun\Java\lib\ext"/>
    <property name="sun.boot.class.path" value="C:\Program Files\Java\jdk1.7.0_21\jre\lib\resources.jar;C:\Program Files\Java\jdk1.7.0_21\jre\lib\rt.jar;C:\Program Files\Java\jdk1.7.0_21\jre\lib\sunrsasign.jar;C:\Program Files\Java\jdk1.7.0_21\jre\lib\jsse.jar;C:\Program Files\Java\jdk1.7.0_21\jre\lib\jce.jar;C:\Program Files\Java\jdk1.7.0_21\jre\lib\charsets.jar;C:\Program Files\Java\jdk1.7.0_21\jre\lib\jfr.jar;C:\Program Files\Java\jdk1.7.0_21\jre\classes"/>
    <property name="java.vendor" value="Oracle Corporation"/>
    <property name="maven.home" value="h:\windows\git\tpmavenrepo\tpmaven\EMBEDDED"/>
    <property name="file.separator" value="\"/>
    <property name="java.vendor.url.bug" value="http://bugreport.sun.com/bugreport/"/>
    <property name="maven.bootclasspath" value="/E:/eclipseJava/eclipse/configuration/org.eclipse.osgi/bundles/231/1/.cp/jars/plexus-classworlds-2.4.jar"/>
    <property name="sun.cpu.endian" value="little"/>
    <property name="sun.io.unicode.encoding" value="UnicodeLittle"/>
    <property name="project.build.outputDirectory" value="h:\windows\git\tpmavenrepo\tpmaven\target\generated-classes\cobertura"/>
    <property name="sun.desktop" value="windows"/>
    <property name="sun.cpu.isalist" value="pentium_pro+mmx pentium_pro pentium+mmx pentium i486 i386 i86"/>
  </properties>
  <testcase time="0.005" classname="fr.istic.master1.sir.tpmaven.AppTest" name="testApp"/>
</testsuite>